<?xml version="1.0" encoding="UTF-8"?>
<!-- Generated by org.testng.reporters.JUnitReportReporter -->
<testsuite hostname="Mahbubs-MacBook-Pro.local" failures="0" tests="2" name="com.careerhack.runners.TestRunner" time="19.000" errors="0" timestamp="27 Mar 2022 18:55:06 GMT" skipped="0">
  <testcase classname="com.careerhack.runners.TestRunner" name="runScenario" time="11.676"/>
  <testcase classname="com.careerhack.runners.TestRunner" name="runScenario" time="7.324"/>
</testsuite> <!-- com.careerhack.runners.TestRunner -->
