<?xml version="1.0" encoding="UTF-8"?>
<!-- Generated by org.testng.reporters.JUnitReportReporter -->
<testsuite hostname="Mahbubs-MacBook-Pro.local" failures="0" tests="2" name="com.careerhack.runners.TestRunner" time="0.159" errors="0" timestamp="20 Mar 2022 19:12:37 GMT" skipped="0">
  <testcase classname="com.careerhack.runners.TestRunner" name="runScenario" time="0.005"/>
  <testcase classname="com.careerhack.runners.TestRunner" name="runScenario" time="0.154"/>
</testsuite> <!-- com.careerhack.runners.TestRunner -->
